firebasepush/build/intermediates/manifest_merge_blame_file/debug/manifest-merger-blame-debug-report.txt
1<?xml version="1.0" encoding="utf-8"?>
2<manifest xmlns:android="http://schemas.android.com/apk/res/android"
3    package="com.example.firebasepush" >
4
5    <uses-sdk android:minSdkVersion="24" />
5-->src\main\AndroidManifest.xml
6
7    <application>
7-->src\main\AndroidManifest.xml:4:5-10:19
8        <service android:name="com.example.firebasepush.MyFirebaseMessagingService" />
8-->src\main\AndroidManifest.xml:6:9-63
8-->src\main\AndroidManifest.xml:6:18-60
9        <!--
10             Set custom default icon. This is used when no icon is set for incoming notification messages.
11             See README(https://goo.gl/l4GJaQ) for more.
12        -->
13
14    </application>
15
16</manifest>